app/build/intermediates/manifest_merge_blame_file/debug/manifest-merger-blame-debug-report.txt
1<?xml version="1.0" encoding="utf-8"?>
2<manifest xmlns:android="http://schemas.android.com/apk/res/android"
3    package="com.doctorappoinmentdemo"
4    android:versionCode="1"
5    android:versionName="1.0" >
6
7    <uses-sdk
8        android:minSdkVersion="19"
8-->src/main/AndroidManifest.xml
9        android:targetSdkVersion="30" />
9-->src/main/AndroidManifest.xml
10
11    <uses-permission android:name="android.permission.INTERNET" />
11-->src/main/AndroidManifest.xml:4:5-67
11-->src/main/AndroidManifest.xml:4:22-64
12
13    <application
13-->src/main/AndroidManifest.xml:6:5-32:19
14        android:allowBackup="true"
14-->src/main/AndroidManifest.xml:7:9-35
15        android:appComponentFactory="androidx.core.app.CoreComponentFactory"
15-->[androidx.core:core:1.3.2] AndroidManifest.xml:24:18-86
16        android:debuggable="true"
17        android:icon="@mipmap/ic_launcher"
17-->src/main/AndroidManifest.xml:8:9-43
18        android:label="@string/app_name"
18-->src/main/AndroidManifest.xml:9:9-41
19        android:roundIcon="@mipmap/ic_launcher_round"
19-->src/main/AndroidManifest.xml:10:9-54
20        android:supportsRtl="true"
20-->src/main/AndroidManifest.xml:11:9-35
21        android:testOnly="true"
22        android:theme="@style/Theme.DoctorAppoinmentDemo" >
22-->src/main/AndroidManifest.xml:12:9-58
23        <activity
23-->src/main/AndroidManifest.xml:13:9-14:51
24            android:name="com.doctorappoinmentdemo.activity.TimeSlotActivity"
24-->src/main/AndroidManifest.xml:13:19-60
25            android:screenOrientation="portrait" />
25-->src/main/AndroidManifest.xml:14:13-49
26        <activity
26-->src/main/AndroidManifest.xml:15:9-16:51
27            android:name="com.doctorappoinmentdemo.activity.HomeActivity"
27-->src/main/AndroidManifest.xml:15:19-56
28            android:screenOrientation="portrait" />
28-->src/main/AndroidManifest.xml:16:13-49
29        <activity
29-->src/main/AndroidManifest.xml:17:9-19:52
30            android:name="com.doctorappoinmentdemo.activity.SignUpActivity"
30-->src/main/AndroidManifest.xml:18:13-52
31            android:screenOrientation="portrait" />
31-->src/main/AndroidManifest.xml:19:13-49
32        <activity
32-->src/main/AndroidManifest.xml:20:9-22:52
33            android:name="com.doctorappoinmentdemo.MainActivity"
33-->src/main/AndroidManifest.xml:21:13-41
34            android:screenOrientation="portrait" />
34-->src/main/AndroidManifest.xml:22:13-49
35        <activity
35-->src/main/AndroidManifest.xml:23:9-31:20
36            android:name="com.doctorappoinmentdemo.activity.LoginActivity"
36-->src/main/AndroidManifest.xml:24:13-51
37            android:screenOrientation="portrait" >
37-->src/main/AndroidManifest.xml:25:13-49
38            <intent-filter>
38-->src/main/AndroidManifest.xml:26:13-30:29
39                <action android:name="android.intent.action.MAIN" />
39-->src/main/AndroidManifest.xml:27:17-69
39-->src/main/AndroidManifest.xml:27:25-66
40
41                <category android:name="android.intent.category.LAUNCHER" />
41-->src/main/AndroidManifest.xml:29:17-77
41-->src/main/AndroidManifest.xml:29:27-74
42            </intent-filter>
43        </activity>
44    </application>
45
46</manifest>